[debug] [2023-06-22T04:13:51.404Z] ----------------------------------------------------------------------
[debug] [2023-06-22T04:13:51.406Z] Command:       C:\Program Files\nodejs\node.exe C:\Users\l\AppData\Roaming\npm\node_modules\firebase-tools\lib\bin\firebase.js init
[debug] [2023-06-22T04:13:51.407Z] CLI Version:   12.4.0
[debug] [2023-06-22T04:13:51.408Z] Platform:      win32
[debug] [2023-06-22T04:13:51.408Z] Node Version:  v18.16.0
[debug] [2023-06-22T04:13:51.408Z] Time:          Thu Jun 22 2023 09:13:51 GMT+0500 (Pakistan Standard Time)
[debug] [2023-06-22T04:13:51.409Z] ----------------------------------------------------------------------
[debug] 
[debug] [2023-06-22T04:13:51.417Z] > command requires scopes: ["email","openid","https://www.googleapis.com/auth/cloudplatformprojects.readonly","https://www.googleapis.com/auth/firebase","https://www.googleapis.com/auth/cloud-platform"]
[debug] [2023-06-22T04:13:51.417Z] > authorizing via signed-in user (abidsedqi@gmail.com)
[info] 
     ######## #### ########  ######## ########     ###     ######  ########
     ##        ##  ##     ## ##       ##     ##  ##   ##  ##       ##
     ######    ##  ########  ######   ########  #########  ######  ######
     ##        ##  ##    ##  ##       ##     ## ##     ##       ## ##
     ##       #### ##     ## ######## ########  ##     ##  ######  ########

You're about to initialize a Firebase project in this directory:

  C:\Users\l\Project

[info] 
=== Project Setup
[info] 
[info] First, let's associate this project directory with a Firebase project.
[info] You can create multiple project aliases by running firebase use --add, 
[info] but for now we'll just set up a default project.
[info] 
[debug] [2023-06-22T04:14:15.182Z] >>> [apiv2][query] GET https://firebase.googleapis.com/v1beta1/projects pageSize=100
[debug] [2023-06-22T04:14:16.100Z] <<< [apiv2][status] GET https://firebase.googleapis.com/v1beta1/projects 200
[debug] [2023-06-22T04:14:16.101Z] <<< [apiv2][body] GET https://firebase.googleapis.com/v1beta1/projects [omitted]
[info] i  Using project mohsin-sahak (Mohsin Sahak) 
[info] 
=== Functions Setup
[debug] [2023-06-22T04:14:18.229Z] > command requires scopes: ["email","openid","https://www.googleapis.com/auth/cloudplatformprojects.readonly","https://www.googleapis.com/auth/firebase","https://www.googleapis.com/auth/cloud-platform"]
[debug] [2023-06-22T04:14:18.229Z] > authorizing via signed-in user (abidsedqi@gmail.com)
[debug] [2023-06-22T04:14:18.229Z] [iam] checking project mohsin-sahak for permissions ["firebase.projects.get"]
[debug] [2023-06-22T04:14:18.230Z] >>> [apiv2][query] POST https://cloudresourcemanager.googleapis.com/v1/projects/mohsin-sahak:testIamPermissions [none]
[debug] [2023-06-22T04:14:18.230Z] >>> [apiv2][(partial)header] POST https://cloudresourcemanager.googleapis.com/v1/projects/mohsin-sahak:testIamPermissions x-goog-quota-user=projects/mohsin-sahak
[debug] [2023-06-22T04:14:18.231Z] >>> [apiv2][body] POST https://cloudresourcemanager.googleapis.com/v1/projects/mohsin-sahak:testIamPermissions {"permissions":["firebase.projects.get"]}
[debug] [2023-06-22T04:14:19.801Z] <<< [apiv2][status] POST https://cloudresourcemanager.googleapis.com/v1/projects/mohsin-sahak:testIamPermissions 200
[debug] [2023-06-22T04:14:19.801Z] <<< [apiv2][body] POST https://cloudresourcemanager.googleapis.com/v1/projects/mohsin-sahak:testIamPermissions {"permissions":["firebase.projects.get"]}
[debug] [2023-06-22T04:14:19.803Z] >>> [apiv2][query] GET https://serviceusage.googleapis.com/v1/projects/mohsin-sahak/services/cloudfunctions.googleapis.com [none]
[debug] [2023-06-22T04:14:19.803Z] >>> [apiv2][(partial)header] GET https://serviceusage.googleapis.com/v1/projects/mohsin-sahak/services/cloudfunctions.googleapis.com x-goog-quota-user=projects/mohsin-sahak
[debug] [2023-06-22T04:14:19.807Z] >>> [apiv2][query] GET https://serviceusage.googleapis.com/v1/projects/mohsin-sahak/services/runtimeconfig.googleapis.com [none]
[debug] [2023-06-22T04:14:19.808Z] >>> [apiv2][(partial)header] GET https://serviceusage.googleapis.com/v1/projects/mohsin-sahak/services/runtimeconfig.googleapis.com x-goog-quota-user=projects/mohsin-sahak
[debug] [2023-06-22T04:14:21.701Z] <<< [apiv2][status] GET https://serviceusage.googleapis.com/v1/projects/mohsin-sahak/services/runtimeconfig.googleapis.com 200
[debug] [2023-06-22T04:14:21.701Z] <<< [apiv2][body] GET https://serviceusage.googleapis.com/v1/projects/mohsin-sahak/services/runtimeconfig.googleapis.com [omitted]
[debug] [2023-06-22T04:14:22.263Z] <<< [apiv2][status] GET https://serviceusage.googleapis.com/v1/projects/mohsin-sahak/services/cloudfunctions.googleapis.com 200
[debug] [2023-06-22T04:14:22.263Z] <<< [apiv2][body] GET https://serviceusage.googleapis.com/v1/projects/mohsin-sahak/services/cloudfunctions.googleapis.com [omitted]
[info] 
Detected existing codebase(s): default

[info] 
Overwriting codebase default...

[info] i  Skipping write of functions/package.json 
[info] i  Skipping write of functions/index.js 
[info] i  Skipping write of functions/.gitignore 
[info] 
=== Hosting Setup
[info] 
[info] Your public directory is the folder (relative to your project directory) that
[info] will contain Hosting assets to be uploaded with firebase deploy. If you
[info] have a build process for your assets, use your build's output directory.
[info] 
[debug] [2023-06-22T04:15:01.566Z] >>> [apiv2][query] GET https://www.gstatic.com/firebasejs/releases.json [none]
[debug] [2023-06-22T04:15:01.889Z] <<< [apiv2][status] GET https://www.gstatic.com/firebasejs/releases.json 200
[debug] [2023-06-22T04:15:01.889Z] <<< [apiv2][body] GET https://www.gstatic.com/firebasejs/releases.json {"current":{"version":"9.22.2","browserURL":"https://www.gstatic.com/firebasejs/9.22.2/firebase.js","packageURL":"https://www.gstatic.com/firebasejs/9.22.2/firebase.tgz"},"live":{"version":"9.22","browserURL":"https://www.gstatic.com/firebasejs/live/9.22/firebase.js","packageURL":"https://www.gstatic.com/firebasejs/live/9.22/firebase.tgz"},"components":{"analytics":"https://www.gstatic.com/firebasejs/9.22.2/firebase-analytics.js","app":"https://www.gstatic.com/firebasejs/9.22.2/firebase-app.js","app-check":"https://www.gstatic.com/firebasejs/9.22.2/firebase-app-check.js","auth":"https://www.gstatic.com/firebasejs/9.22.2/firebase-auth.js","auth/cordova":"https://www.gstatic.com/firebasejs/9.22.2/firebase-auth/cordova.js","auth/react-native":"https://www.gstatic.com/firebasejs/9.22.2/firebase-auth/react-native.js","functions":"https://www.gstatic.com/firebasejs/9.22.2/firebase-functions.js","firestore":"https://www.gstatic.com/firebasejs/9.22.2/firebase-firestore.js","firestore/lite":"https://www.gstatic.com/firebasejs/9.22.2/firebase-firestore/lite.js","installations":"https://www.gstatic.com/firebasejs/9.22.2/firebase-installations.js","storage":"https://www.gstatic.com/firebasejs/9.22.2/firebase-storage.js","performance":"https://www.gstatic.com/firebasejs/9.22.2/firebase-performance.js","remote-config":"https://www.gstatic.com/firebasejs/9.22.2/firebase-remote-config.js","messaging":"https://www.gstatic.com/firebasejs/9.22.2/firebase-messaging.js","messaging/sw":"https://www.gstatic.com/firebasejs/9.22.2/firebase-messaging/sw.js","database":"https://www.gstatic.com/firebasejs/9.22.2/firebase-database.js","firestore.memory":"https://www.gstatic.com/firebasejs/9.22.2/firebase-firestore.memory.js"}}
[info] i  Skipping write of public/index.html 
[info] 
[info] i  Didn't detect a .git folder. Assuming C:\Users\l\Project is the project root. 
[info] i  Authorizing with GitHub to upload your service account to a GitHub repository's secrets store. 
[info] 
[info] Visit this URL on this device to log in:
[info] https://github.com/login/oauth/authorize?client_id=89cf50f02ac6aaed3484&state=472906669&redirect_uri=http%3A%2F%2Flocalhost%3A9005&scope=read%3Auser%20repo%20public_repo
[info] 
[info] Waiting for authentication...
[debug] [2023-06-22T04:15:29.005Z] >>> [apiv2][query] POST https://github.com/login/oauth/access_token [none]
[debug] [2023-06-22T04:15:29.005Z] >>> [apiv2][body] POST https://github.com/login/oauth/access_token [stream]
[debug] [2023-06-22T04:15:29.616Z] <<< [apiv2][status] POST https://github.com/login/oauth/access_token 200
[debug] [2023-06-22T04:15:29.616Z] <<< [apiv2][body] POST https://github.com/login/oauth/access_token {"access_token":"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","token_type":"bearer","scope":"read:user,repo"}
[debug] [2023-06-22T04:15:29.650Z] >>> [apiv2][query] GET https://api.github.com/user [none]
[debug] [2023-06-22T04:15:30.256Z] <<< [apiv2][status] GET https://api.github.com/user 200
[debug] [2023-06-22T04:15:30.256Z] <<< [apiv2][body] GET https://api.github.com/user {"login":"Abidsedeqi","id":129415424,"node_id":"U_kgDOB7a5AA","avatar_url":"https://avatars.githubusercontent.com/u/129415424?v=4","gravatar_id":"","url":"https://api.github.com/users/Abidsedeqi","html_url":"https://github.com/Abidsedeqi","followers_url":"https://api.github.com/users/Abidsedeqi/followers","following_url":"https://api.github.com/users/Abidsedeqi/following{/other_user}","gists_url":"https://api.github.com/users/Abidsedeqi/gists{/gist_id}","starred_url":"https://api.github.com/users/Abidsedeqi/starred{/owner}{/repo}","subscriptions_url":"https://api.github.com/users/Abidsedeqi/subscriptions","organizations_url":"https://api.github.com/users/Abidsedeqi/orgs","repos_url":"https://api.github.com/users/Abidsedeqi/repos","events_url":"https://api.github.com/users/Abidsedeqi/events{/privacy}","received_events_url":"https://api.github.com/users/Abidsedeqi/received_events","type":"User","site_admin":false,"name":null,"company":null,"blog":"","location":null,"email":null,"hireable":null,"bio":null,"twitter_username":null,"public_repos":0,"public_gists":0,"followers":0,"following":0,"created_at":"2023-03-30T15:43:48Z","updated_at":"2023-06-21T19:49:22Z","private_gists":0,"total_private_repos":3,"owned_private_repos":3,"disk_usage":52959,"collaborators":0,"two_factor_authentication":false,"plan":{"name":"free","space":976562499,"collaborators":0,"private_repos":10000}}
[info] 
[info] +  Success! Logged into GitHub as Abidsedeqi 
[info] 
